<?xml version="1.0" encoding="UTF-8"?>
<!-- Generated by org.testng.reporters.JUnitReportReporter -->
<testsuite hostname="IT-PC" name="TestCases.Login" tests="4" failures="0" timestamp="23 May 2018 11:28:53 GMT" time="4.425" errors="0">
  <testcase name="user_login" time="1.785" classname="TestCases.Login"/>
  <testcase name="user_login" time="0.453" classname="TestCases.Login"/>
  <testcase name="user_login" time="1.120" classname="TestCases.Login"/>
  <testcase name="user_login" time="1.067" classname="TestCases.Login"/>
</testsuite> <!-- TestCases.Login -->
